===================================================================================================================
symbol Table: Global                                                             Parent: null
----------------------------------------------------------------------------------------------------
Name                Type                     Category       Initial Value       Size        Offset      Nested
-------------------------------------------------------------------------------------------------------------------
prints              integer                  function                        4           0          prints
printi              integer                  function                        4           4          printi
readi               integer                  function                        4           8          readi
fibonacci           integer                  function                        4           12         fibonacci
main                integer                  function                        4           16         main
-------------------------------------------------------------------------------------------------------------------

===================================================================================================================
symbol Table: prints                                                             Parent: Global
----------------------------------------------------------------------------------------------------
Name                Type                     Category       Initial Value       Size        Offset      Nested
-------------------------------------------------------------------------------------------------------------------
c                   ptr(char)                param                           4           0          null
return              integer                  local                           4           4          null
-------------------------------------------------------------------------------------------------------------------

===================================================================================================================
symbol Table: printi                                                             Parent: Global
----------------------------------------------------------------------------------------------------
Name                Type                     Category       Initial Value       Size        Offset      Nested
-------------------------------------------------------------------------------------------------------------------
i                   integer                  param                           4           0          null
return              integer                  local                           4           4          null
-------------------------------------------------------------------------------------------------------------------

===================================================================================================================
symbol Table: readi                                                              Parent: Global
----------------------------------------------------------------------------------------------------
Name                Type                     Category       Initial Value       Size        Offset      Nested
-------------------------------------------------------------------------------------------------------------------
eP                  ptr(integer)             param                           4           0          null
return              integer                  local                           4           4          null
-------------------------------------------------------------------------------------------------------------------

===================================================================================================================
symbol Table: fibonacci                                                          Parent: Global
----------------------------------------------------------------------------------------------------
Name                Type                     Category       Initial Value       Size        Offset      Nested
-------------------------------------------------------------------------------------------------------------------
n                   integer                  param                           4           0          null
return              integer                  local                           4           4          null
t00                 integer                  temp           1                4           8          null
t01                 integer                  temp           2                4           12         null
t02                 integer                  temp           1                4           16         null
d                   integer                  local                           4           20         null
fibonacci           integer                  local                           4           24         null
t03                 integer                  temp           1                4           28         null
t04                 integer                  temp                            4           32         null
t05                 integer                  temp                            4           36         null
c                   integer                  local                           4           40         null
t06                 integer                  temp           2                4           44         null
t07                 integer                  temp                            4           48         null
t08                 integer                  temp                            4           52         null
e                   integer                  local                           4           56         null
t09                 integer                  temp                            4           60         null
-------------------------------------------------------------------------------------------------------------------

===================================================================================================================
symbol Table: main                                                               Parent: Global
----------------------------------------------------------------------------------------------------
Name                Type                     Category       Initial Value       Size        Offset      Nested
-------------------------------------------------------------------------------------------------------------------
return              integer                  local                           4           0          null
n                   integer                  local                           4           4          null
prints              integer                  local                           4           8          null
t00                 ptr(char)                temp           "Enter a small number :"4           12         null
t01                 integer                  temp                            4           16         null
readi               integer                  local                           4           20         null
t02                 ptr(integer)             temp                            4           24         null
t03                 integer                  temp                            4           28         null
a                   integer                  local                           4           32         null
fibonacci           integer                  local                           4           36         null
t04                 integer                  temp                            4           40         null
t05                 integer                  temp                            4           44         null
-------------------------------------------------------------------------------------------------------------------

==============================
quad Translation
------------------------------
	0   :	fibonacci: 

t00 = 1


if n == t00 goto 9


goto 5


goto 8


t01 = 2


if n == t01 goto 9


goto 12


goto 12


t02 = 1


ret t02


goto 12


t03 = 1


 = n - t03


param t04


t05 = call fibonacci, 1


d = t05


t06 = 2


 = n - t06


param t07


t08 = call fibonacci, 1


c = t08


 = d + c


e = t09


ret e


op


param t00


t01 = call prints, 1


t02 = &n


param t02


t03 = call readi, 1


param n


t04 = call fibonacci, 1


a = t04


ret 

------------------------------
