===================================================================================================================
symbol Table: Global                                                             Parent: null
----------------------------------------------------------------------------------------------------
Name                Type                     Category       Initial Value       Size        Offset      Nested
-------------------------------------------------------------------------------------------------------------------
prints              integer                  function                        4           0          prints
printi              integer                  function                        4           4          printi
inc                 integer                  function                        4           8          inc
main                integer                  function                        4           12         main
-------------------------------------------------------------------------------------------------------------------

===================================================================================================================
symbol Table: prints                                                             Parent: Global
----------------------------------------------------------------------------------------------------
Name                Type                     Category       Initial Value       Size        Offset      Nested
-------------------------------------------------------------------------------------------------------------------
c                   ptr(char)                param                           4           0          null
return              integer                  local                           4           4          null
-------------------------------------------------------------------------------------------------------------------

===================================================================================================================
symbol Table: printi                                                             Parent: Global
----------------------------------------------------------------------------------------------------
Name                Type                     Category       Initial Value       Size        Offset      Nested
-------------------------------------------------------------------------------------------------------------------
i                   integer                  param                           4           0          null
return              integer                  local                           4           4          null
-------------------------------------------------------------------------------------------------------------------

===================================================================================================================
symbol Table: inc                                                                Parent: Global
----------------------------------------------------------------------------------------------------
Name                Type                     Category       Initial Value       Size        Offset      Nested
-------------------------------------------------------------------------------------------------------------------
a                   integer                  param                           4           0          null
b                   integer                  param                           4           4          null
return              integer                  local                           4           8          null
prints              integer                  local                           4           12         null
t00                 ptr(char)                temp           "\n\nEntered inside the function body \n"4           16         null
t01                 integer                  temp                            4           20         null
t02                 integer                  temp           7                4           24         null
t03                 integer                  temp                            4           28         null
t04                 integer                  temp                            4           32         null
t05                 integer                  temp                            4           36         null
t06                 ptr(char)                temp           "returning value: "4           40         null
t07                 integer                  temp                            4           44         null
printi              integer                  local                           4           48         null
t08                 integer                  temp                            4           52         null
-------------------------------------------------------------------------------------------------------------------

===================================================================================================================
symbol Table: main                                                               Parent: Global
----------------------------------------------------------------------------------------------------
Name                Type                     Category       Initial Value       Size        Offset      Nested
-------------------------------------------------------------------------------------------------------------------
return              integer                  local                           4           0          null
i                   integer                  local                           4           4          null
j                   integer                  local          7                4           8          null
t00                 integer                  temp           7                4           12         null
t01                 integer                  temp           1                4           16         null
t02                 integer                  temp                            4           20         null
prints              integer                  local                           4           24         null
t03                 ptr(char)                temp           "+++++++++  Entering the function inc   +++++++ \n"4           28         null
t04                 integer                  temp                            4           32         null
inc                 integer                  local                           4           36         null
t05                 integer                  temp                            4           40         null
t06                 integer                  temp                            4           44         null
t07                 ptr(char)                temp           "\n\n+++++++++   The value returned is   +++++++++ \n"4           48         null
t08                 integer                  temp                            4           52         null
printi              integer                  local                           4           56         null
t09                 integer                  temp                            4           60         null
t10                 ptr(char)                temp           "\n"             4           64         null
t11                 integer                  temp                            4           68         null
t12                 integer                  temp           0                4           72         null
-------------------------------------------------------------------------------------------------------------------

==============================
quad Translation
------------------------------
	0   :	inc: 

op


param t00


t01 = call prints, 1


t02 = 7


 = b + t02


 = t03 + a


b = t04


op


param t06


t07 = call prints, 1


param b


t08 = call printi, 1


ret b


t00 = 7


j = t00


t01 = 1


i = t01


op


param t03


t04 = call prints, 1


param i


param j


t05 = call inc, 2


j = t05


op


param t07


t08 = call prints, 1


param j


t09 = call printi, 1


op


param t10


t11 = call prints, 1


t12 = 0


ret t12

------------------------------
