===================================================================================================================
symbol Table: Global                                                             Parent: null
----------------------------------------------------------------------------------------------------
Name                Type                     Category       Initial Value       Size        Offset      Nested
-------------------------------------------------------------------------------------------------------------------
prints              integer                  function                        4           0          prints
printi              integer                  function                        4           4          printi
readi               integer                  function                        4           8          readi
a                   integer                  local                           4           12         null
b                   integer                  local          5                4           16         null
t00                 integer                  temp           5                4           20         null
c                   char                     local                           1           24         null
d                   char                     local          'a'              1           25         null
t01                 char                     temp           'a'              1           26         null
add                 integer                  function                        4           27         add
main                integer                  function                        4           31         main
-------------------------------------------------------------------------------------------------------------------

===================================================================================================================
symbol Table: prints                                                             Parent: Global
----------------------------------------------------------------------------------------------------
Name                Type                     Category       Initial Value       Size        Offset      Nested
-------------------------------------------------------------------------------------------------------------------
c                   ptr(char)                param                           4           0          null
return              integer                  local                           4           4          null
-------------------------------------------------------------------------------------------------------------------

===================================================================================================================
symbol Table: printi                                                             Parent: Global
----------------------------------------------------------------------------------------------------
Name                Type                     Category       Initial Value       Size        Offset      Nested
-------------------------------------------------------------------------------------------------------------------
i                   integer                  param                           4           0          null
return              integer                  local                           4           4          null
-------------------------------------------------------------------------------------------------------------------

===================================================================================================================
symbol Table: readi                                                              Parent: Global
----------------------------------------------------------------------------------------------------
Name                Type                     Category       Initial Value       Size        Offset      Nested
-------------------------------------------------------------------------------------------------------------------
eP                  ptr(integer)             param                           4           0          null
return              integer                  local                           4           4          null
-------------------------------------------------------------------------------------------------------------------

===================================================================================================================
symbol Table: add                                                                Parent: Global
----------------------------------------------------------------------------------------------------
Name                Type                     Category       Initial Value       Size        Offset      Nested
-------------------------------------------------------------------------------------------------------------------
a                   integer                  param                           4           0          null
b                   integer                  param                           4           4          null
return              integer                  local                           4           8          null
ans                 integer                  local                           4           12         null
c                   integer                  local          8                4           16         null
t00                 integer                  temp           8                4           20         null
d                   integer                  local                           4           24         null
arr                 arr(10, integer)         local                           40          28         null
t01                 integer                  temp           10               4           68         null
p                   ptr(integer)             local                           4           72         null
prints              integer                  local                           4           76         null
t02                 ptr(char)                temp           "enterned to the function body\n"4           80         null
t03                 integer                  temp                            4           84         null
t04                 integer                  temp                            4           88         null
t05                 integer                  temp                            4           92         null
t06                 integer                  temp           8                4           96         null
t07                 integer                  temp                            4           100        null
t08                 integer                  temp                            4           104        null
t09                 integer                  temp                            4           108        null
t10                 integer                  temp                            4           112        null
t11                 ptr(char)                temp           "returning from function body\n"4           116        null
t12                 integer                  temp                            4           120        null
-------------------------------------------------------------------------------------------------------------------

===================================================================================================================
symbol Table: main                                                               Parent: Global
----------------------------------------------------------------------------------------------------
Name                Type                     Category       Initial Value       Size        Offset      Nested
-------------------------------------------------------------------------------------------------------------------
return              integer                  local                           4           0          null
c                   integer                  local          8                4           4          null
t00                 integer                  temp           8                4           8          null
d                   integer                  local                           4           12         null
arr                 arr(10, integer)         local                           40          16         null
t01                 integer                  temp           10               4           56         null
p                   ptr(integer)             local                           4           60         null
x                   integer                  local                           4           64         null
y                   integer                  local                           4           68         null
z                   integer                  local                           4           72         null
eP                  integer                  local                           4           76         null
prints              integer                  local                           4           80         null
t02                 ptr(char)                temp           "enter two numbers :\n"4           84         null
t03                 integer                  temp                            4           88         null
readi               integer                  local                           4           92         null
t04                 ptr(integer)             temp                            4           96         null
t05                 integer                  temp                            4           100        null
t06                 integer                  temp                            4           104        null
t07                 ptr(integer)             temp                            4           108        null
t08                 integer                  temp                            4           112        null
t09                 integer                  temp                            4           116        null
add                 integer                  local                           4           120        null
t10                 integer                  temp                            4           124        null
t11                 integer                  temp                            4           128        null
t12                 ptr(char)                temp           "sum is equal to "4           132        null
t13                 integer                  temp                            4           136        null
printi              integer                  local                           4           140        null
t14                 integer                  temp                            4           144        null
t15                 ptr(char)                temp           "\n"             4           148        null
t16                 integer                  temp                            4           152        null
-------------------------------------------------------------------------------------------------------------------

==============================
quad Translation
------------------------------

t00 = 5


b = t00


op


d = t01

	4   :	add: 

t00 = 8


c = t00


t01 = 10


op


param t02


t03 = call prints, 1


 = a + b


ans = t04


t06 = 8


d = t06


if a >= d goto 18


goto 21


goto 23


t08 = a


 = a + 1


goto 23


 = a + b


c = t09


op


param t11


t12 = call prints, 1


ret ans


t00 = 8


c = t00


t01 = 10


op


param t02


t03 = call prints, 1


t04 = &eP


param t04


t05 = call readi, 1


x = t05


t07 = &eP


param t07


t08 = call readi, 1


y = t08


param x


param y


t10 = call add, 2


z = t10


op


param t12


t13 = call prints, 1


param z


t14 = call printi, 1


op


param t15


t16 = call prints, 1


ret c

------------------------------
