===================================================================================================================
symbol Table: Global                                                             Parent: null
----------------------------------------------------------------------------------------------------
Name                Type                     Category       Initial Value       Size        Offset      Nested
-------------------------------------------------------------------------------------------------------------------
printi              integer                  function                        4           0          printi
prints              integer                  function                        4           4          prints
readi               integer                  function                        4           8          readi
Function            integer                  function                        4           12         Function
main                integer                  function                        4           16         main
-------------------------------------------------------------------------------------------------------------------

===================================================================================================================
symbol Table: printi                                                             Parent: Global
----------------------------------------------------------------------------------------------------
Name                Type                     Category       Initial Value       Size        Offset      Nested
-------------------------------------------------------------------------------------------------------------------
num                 integer                  param                           4           0          null
return              integer                  local                           4           4          null
-------------------------------------------------------------------------------------------------------------------

===================================================================================================================
symbol Table: prints                                                             Parent: Global
----------------------------------------------------------------------------------------------------
Name                Type                     Category       Initial Value       Size        Offset      Nested
-------------------------------------------------------------------------------------------------------------------
c                   ptr(char)                param                           4           0          null
return              integer                  local                           4           4          null
-------------------------------------------------------------------------------------------------------------------

===================================================================================================================
symbol Table: readi                                                              Parent: Global
----------------------------------------------------------------------------------------------------
Name                Type                     Category       Initial Value       Size        Offset      Nested
-------------------------------------------------------------------------------------------------------------------
eP                  ptr(integer)             param                           4           0          null
return              integer                  local                           4           4          null
-------------------------------------------------------------------------------------------------------------------

===================================================================================================================
symbol Table: Function                                                           Parent: Global
----------------------------------------------------------------------------------------------------
Name                Type                     Category       Initial Value       Size        Offset      Nested
-------------------------------------------------------------------------------------------------------------------
a                   integer                  param                           4           0          null
return              integer                  local                           4           4          null
b                   integer                  local                           4           8          null
t00                 integer                  temp                            4           12         null
t01                 integer                  temp           7                4           16         null
t02                 integer                  temp                            4           20         null
t03                 integer                  temp                            4           24         null
-------------------------------------------------------------------------------------------------------------------

===================================================================================================================
symbol Table: main                                                               Parent: Global
----------------------------------------------------------------------------------------------------
Name                Type                     Category       Initial Value       Size        Offset      Nested
-------------------------------------------------------------------------------------------------------------------
return              integer                  local                           4           0          null
a                   integer                  local                           4           4          null
b                   integer                  local                           4           8          null
e                   ptr(integer)             local                           4           12         null
prints              integer                  local                           4           16         null
t00                 ptr(char)                temp           "Output printing test begin\n"4           20         null
t01                 integer                  temp                            4           24         null
t02                 integer                  temp           4                4           28         null
t03                 integer                  temp                            4           32         null
t04                 ptr(integer)             temp                            4           36         null
t05                 ptr(null)                temp                            4           40         null
t06                 ptr(char)                temp           "Passing pointers to function Fn!\n"4           44         null
t07                 integer                  temp                            4           48         null
t08                 ptr(char)                temp           "Value passed to function: "4           52         null
t09                 integer                  temp                            4           56         null
printi              integer                  local                           4           60         null
t10                 integer                  temp                            4           64         null
t11                 ptr(char)                temp           "\n"             4           68         null
t12                 integer                  temp                            4           72         null
t13                 ptr(char)                temp           "Value returned from function s is: "4           76         null
t14                 integer                  temp                            4           80         null
Function            integer                  local                           4           84         null
t15                 integer                  temp                            4           88         null
t16                 integer                  temp                            4           92         null
t17                 integer                  temp                            4           96         null
t18                 ptr(char)                temp           "\n"             4           100        null
t19                 integer                  temp                            4           104        null
t20                 ptr(char)                temp           "Enter an integer:"4           108        null
t21                 integer                  temp                            4           112        null
t22                 ptr(char)                temp           "\n"             4           116        null
t23                 integer                  temp                            4           120        null
readi               integer                  local                           4           124        null
t24                 integer                  temp                            4           128        null
t25                 integer                  temp                            4           132        null
t26                 ptr(char)                temp           "The integer that was read is:"4           136        null
t27                 integer                  temp                            4           140        null
t28                 integer                  temp                            4           144        null
t29                 ptr(char)                temp           "\n"             4           148        null
t30                 integer                  temp                            4           152        null
t31                 integer                  temp           0                4           156        null
-------------------------------------------------------------------------------------------------------------------

==============================
quad Translation
------------------------------
	0   :	Function: 

b = a


t01 = 7


 = b + t01


b = t02


ret b


op


param t00


t01 = call prints, 1


t02 = 4


b = t02


t04 = &b


e = t04


op


param t06


t07 = call prints, 1


op


param t08


t09 = call prints, 1


param b


t10 = call printi, 1


op


param t11


t12 = call prints, 1


op


param t13


t14 = call prints, 1


param b


t15 = call Function, 1


a = t15


param a


t17 = call printi, 1


op


param t18


t19 = call prints, 1


op


param t20


t21 = call prints, 1


op


param t22


t23 = call prints, 1


param e


t24 = call readi, 1


b = t24


op


param t26


t27 = call prints, 1


param b


t28 = call printi, 1


op


param t29


t30 = call prints, 1


t31 = 0


ret t31

------------------------------
